<?xml version="1.0" encoding="UTF-8" ?>
<testsuite tests="8" failures="0" name="com.excercise.product.CheckoutImplTest" time="0.046" errors="0" skipped="0">
  <properties>
    <property name="java.runtime.name" value="Java(TM) SE Runtime Environment"/>
    <property name="sun.boot.library.path" value="C:\Program Files (x86)\Java\jdk1.8.0_40\jre\bin"/>
    <property name="java.vm.version" value="25.40-b25"/>
    <property name="java.vm.vendor" value="Oracle Corporation"/>
    <property name="java.vendor.url" value="http://java.oracle.com/"/>
    <property name="path.separator" value=";"/>
    <property name="guice.disable.misplaced.annotation.check" value="true"/>
    <property name="java.vm.name" value="Java HotSpot(TM) Client VM"/>
    <property name="file.encoding.pkg" value="sun.io"/>
    <property name="user.script" value=""/>
    <property name="user.country" value="US"/>
    <property name="sun.java.launcher" value="SUN_STANDARD"/>
    <property name="sun.os.patch.level" value="Service Pack 1"/>
    <property name="java.vm.specification.name" value="Java Virtual Machine Specification"/>
    <property name="user.dir" value="C:\Users\r627917\workspace\excercise\market"/>
    <property name="java.runtime.version" value="1.8.0_40-b26"/>
    <property name="java.awt.graphicsenv" value="sun.awt.Win32GraphicsEnvironment"/>
    <property name="java.endorsed.dirs" value="C:\Program Files (x86)\Java\jdk1.8.0_40\jre\lib\endorsed"/>
    <property name="os.arch" value="x86"/>
    <property name="java.io.tmpdir" value="C:\Users\r627917\AppData\Local\Temp\"/>
    <property name="line.separator" value="
"/>
    <property name="java.vm.specification.vendor" value="Oracle Corporation"/>
    <property name="user.variant" value=""/>
    <property name="os.name" value="Windows 7"/>
    <property name="classworlds.conf" value="C:\Users\r627917\workspace\excercise\.metadata\.plugins\org.eclipse.m2e.launching\launches\m2conf6736023297645038724.tmp"/>
    <property name="sun.jnu.encoding" value="Cp1252"/>
    <property name="java.library.path" value="C:\Program Files (x86)\Java\jdk1.8.0_40\bin;C:\WINDOWS\Sun\Java\bin;C:\WINDOWS\system32;C:\WINDOWS;C:/Program Files/Java/jre8/bin/server;C:/Program Files/Java/jre8/bin;C:/Program Files/Java/jre8/lib/amd64;C:\Program Files (x86)\Git\bin;C:\ProgramData\Oracle\Java\javapath;C:\Program Files (x86)\Intel\iCLS Client\;C:\Program Files\Intel\iCLS Client\;C:\WINDOWS\system32;C:\WINDOWS;C:\WINDOWS\System32\Wbem;C:\WINDOWS\System32\WindowsPowerShell\v1.0\;C:\OBASE\ora10\bin;C:\OBASE\ora10\jre\1.4.2\bin\client;C:\OBASE\ora10\jre\1.4.2\bin;C:\OBASE\11gR2\bin;C:\Program Files (x86)\Verint\Playback\;C:\Program Files\Intel\Intel(R) Management Engine Components\DAL;C:\Program Files\Intel\Intel(R) Management Engine Components\IPT;C:\Program Files (x86)\Intel\Intel(R) Management Engine Components\DAL;C:\Program Files (x86)\Intel\Intel(R) Management Engine Components\IPT;C:\Program Files\Java\jdk1.7.0_71\bin;C:\WINDOWS\System32\WindowsPowerShell\v1.0\;C:\Program Files\Java\jdk1.7.0_71\jre\bin;C:\app\JMeter\bin;\bin;C:\Program Files\Intel\WiFi\bin\;C:\Program Files\Common Files\Intel\WirelessCommon\;C:\Users\r627917\apps\eclipse;;."/>
    <property name="java.specification.name" value="Java Platform API Specification"/>
    <property name="java.class.version" value="52.0"/>
    <property name="sun.management.compiler" value="HotSpot Client Compiler"/>
    <property name="os.version" value="6.1"/>
    <property name="user.home" value="C:\Users\r627917"/>
    <property name="user.timezone" value="America/Los_Angeles"/>
    <property name="java.awt.printerjob" value="sun.awt.windows.WPrinterJob"/>
    <property name="java.specification.version" value="1.8"/>
    <property name="file.encoding" value="Cp1252"/>
    <property name="user.name" value="r627917"/>
    <property name="java.class.path" value="/C:/Users/r627917/apps/eclipse/plugins/org.eclipse.m2e.maven.runtime_1.5.0.20140605-2032/jars/plexus-classworlds-2.5.1.jar"/>
    <property name="org.slf4j.simpleLogger.defaultLogLevel" value="info"/>
    <property name="java.vm.specification.version" value="1.8"/>
    <property name="sun.arch.data.model" value="32"/>
    <property name="java.home" value="C:\Program Files (x86)\Java\jdk1.8.0_40\jre"/>
    <property name="sun.java.command" value="org.codehaus.plexus.classworlds.launcher.Launcher -B install"/>
    <property name="java.specification.vendor" value="Oracle Corporation"/>
    <property name="user.language" value="en"/>
    <property name="awt.toolkit" value="sun.awt.windows.WToolkit"/>
    <property name="java.vm.info" value="mixed mode, sharing"/>
    <property name="java.version" value="1.8.0_40"/>
    <property name="java.ext.dirs" value="C:\Program Files (x86)\Java\jdk1.8.0_40\jre\lib\ext;C:\WINDOWS\Sun\Java\lib\ext"/>
    <property name="sun.boot.class.path" value="C:\Program Files (x86)\Java\jdk1.8.0_40\jre\lib\resources.jar;C:\Program Files (x86)\Java\jdk1.8.0_40\jre\lib\rt.jar;C:\Program Files (x86)\Java\jdk1.8.0_40\jre\lib\sunrsasign.jar;C:\Program Files (x86)\Java\jdk1.8.0_40\jre\lib\jsse.jar;C:\Program Files (x86)\Java\jdk1.8.0_40\jre\lib\jce.jar;C:\Program Files (x86)\Java\jdk1.8.0_40\jre\lib\charsets.jar;C:\Program Files (x86)\Java\jdk1.8.0_40\jre\lib\jfr.jar;C:\Program Files (x86)\Java\jdk1.8.0_40\jre\classes"/>
    <property name="java.vendor" value="Oracle Corporation"/>
    <property name="maven.home" value="C:\Users\r627917\workspace\excercise\market\EMBEDDED"/>
    <property name="file.separator" value="\"/>
    <property name="java.vendor.url.bug" value="http://bugreport.sun.com/bugreport/"/>
    <property name="sun.cpu.endian" value="little"/>
    <property name="sun.io.unicode.encoding" value="UnicodeLittle"/>
    <property name="sun.desktop" value="windows"/>
    <property name="sun.cpu.isalist" value="pentium_pro+mmx pentium_pro pentium+mmx pentium i486 i386 i86"/>
  </properties>
  <testcase classname="com.excercise.product.CheckoutImplTest" name="testcheckout" time="0.046"/>
  <testcase classname="com.excercise.product.CheckoutImplTest" name="testCheckout_ABs" time="0"/>
  <testcase classname="com.excercise.product.CheckoutImplTest" name="testCheckout_ACs" time="0"/>
  <testcase classname="com.excercise.product.CheckoutImplTest" name="testCheckout_BCs" time="0"/>
  <testcase classname="com.excercise.product.CheckoutImplTest" name="testApplyDiscounts" time="0"/>
  <testcase classname="com.excercise.product.CheckoutImplTest" name="testCheckoutinvalid" time="0"/>
  <testcase classname="com.excercise.product.CheckoutImplTest" name="testCheckout_As" time="0"/>
  <testcase classname="com.excercise.product.CheckoutImplTest" name="testCheckout_Bs" time="0"/>
</testsuite>